ℹ tsdown v0.22.9 powered by rolldown v1.2.0
ℹ config file: C:\Users\petrp\Documents\GitHub\hookorama\.worktrees\packages-stack\tsdown.config.ts 
ℹ config file: C:\Users\petrp\Documents\GitHub\hookorama\.worktrees\packages-stack\packages\supervisor\tsdown.config.ts 
ℹ config file: C:\Users\petrp\Documents\GitHub\hookorama\.worktrees\packages-stack\packages\client\tsdown.config.ts 
ℹ config file: C:\Users\petrp\Documents\GitHub\hookorama\.worktrees\packages-stack\packages\web-app\tsdown.config.ts 
ℹ config file: C:\Users\petrp\Documents\GitHub\hookorama\.worktrees\packages-stack\packages\cli\tsdown.config.ts 
ℹ config file: C:\Users\petrp\Documents\GitHub\hookorama\.worktrees\packages-stack\packages\extension\tsdown.config.ts 
ℹ [@hookorama/client] entry: src/index.ts
ℹ [@hookorama/client] target: node24
ℹ [@hookorama/client] tsconfig: tsconfig.json
ℹ [@hookorama/web-app] entry: src/index.ts
ℹ [@hookorama/web-app] target: node24
ℹ [@hookorama/web-app] tsconfig: tsconfig.json
ℹ [hookorama] entry: src/index.ts
ℹ [hookorama] target: node24
ℹ [hookorama] tsconfig: tsconfig.json
ℹ [@hookorama/extension] entry: src/extension.ts
ℹ [@hookorama/extension] target: node24
ℹ [@hookorama/extension] tsconfig: tsconfig.json
ℹ [@hookorama/supervisor] entry: src/index.ts
ℹ [@hookorama/supervisor] target: node24
ℹ [@hookorama/supervisor] tsconfig: tsconfig.json
ℹ Build start
ℹ Cleaning 30 files
ℹ Emit types with typescript@7.0.2
ℹ [@hookorama/extension] dist\extension.cjs      0.64 kB │ gzip: 0.42 kB
ℹ [@hookorama/extension] dist\extension.cjs.map  0.66 kB │ gzip: 0.41 kB
ℹ [@hookorama/extension] 2 files, total: 1.29 kB
ℹ [hookorama] dist\index.mjs        0.29 kB │ gzip: 0.24 kB
ℹ [hookorama] dist\index.mjs.map    0.36 kB │ gzip: 0.28 kB
ℹ [hookorama] dist\index.d.mts.map  0.10 kB │ gzip: 0.11 kB
ℹ [hookorama] dist\index.d.mts      0.30 kB │ gzip: 0.24 kB
ℹ [hookorama] 4 files, total: 1.05 kB
✔ [hookorama] Build complete in 648ms
ℹ [@hookorama/client] dist\index.mjs        2.50 kB │ gzip: 0.89 kB
ℹ [@hookorama/client] dist\index.mjs.map    6.41 kB │ gzip: 2.04 kB
ℹ [@hookorama/client] dist\index.d.mts.map  0.84 kB │ gzip: 0.38 kB
ℹ [@hookorama/client] dist\index.d.mts      4.68 kB │ gzip: 1.50 kB
ℹ [@hookorama/client] 4 files, total: 14.44 kB
✔ [@hookorama/client] Build complete in 939ms
ℹ [@hookorama/extension] dist\extension.d.cts.map  0.11 kB │ gzip: 0.11 kB
ℹ [@hookorama/extension] dist\extension.d.cts      0.57 kB │ gzip: 0.37 kB
ℹ [@hookorama/extension] 2 files, total: 0.69 kB
✔ [@hookorama/extension] Build complete in 999ms
ℹ [@hookorama/web-app] dist\index.mjs        0.32 kB │ gzip: 0.26 kB
ℹ [@hookorama/web-app] dist\index.mjs.map    0.41 kB │ gzip: 0.30 kB
ℹ [@hookorama/web-app] dist\index.d.mts.map  0.10 kB │ gzip: 0.11 kB
ℹ [@hookorama/web-app] dist\index.d.mts      0.34 kB │ gzip: 0.27 kB
ℹ [@hookorama/web-app] 4 files, total: 1.17 kB
✔ [@hookorama/web-app] Build complete in 1005ms
ℹ [@hookorama/supervisor] dist\index.mjs        32.70 kB │ gzip:  9.99 kB
ℹ [@hookorama/supervisor] dist\index.mjs.map    68.17 kB │ gzip: 18.05 kB
ℹ [@hookorama/supervisor] dist\index.d.mts.map   1.19 kB │ gzip:  0.58 kB
ℹ [@hookorama/supervisor] dist\index.d.mts       8.74 kB │ gzip:  3.28 kB
ℹ [@hookorama/supervisor] 4 files, total: 110.80 kB
✔ [@hookorama/supervisor] Build complete in 1082ms
Found 0 warnings and 0 errors.
Finished in 51ms on 33 files with 176 rules using 10 threads.
check-md: OK (24 .md files matched)
check-files: OK (41 files matched)

 RUN  v4.1.10 C:/Users/petrp/Documents/GitHub/hookorama/.worktrees/packages-stack

 ✓ packages/supervisor/src/process-discovery/index.test.ts (9 tests) 14ms
 ✓ packages/supervisor/src/identity/resolve.test.ts (12 tests) 10ms
 ✓ packages/supervisor/src/state/store.test.ts (6 tests) 9ms
 ✓ packages/supervisor/src/supervisor.test.ts (10 tests) 56ms
 ✓ packages/supervisor/src/wire/server.test.ts (2 tests) 78ms
 ✓ packages/supervisor/src/supervisor.bugs.test.ts (10 tests) 144ms

 Test Files  6 passed (6)
      Tests  49 passed (49)
   Start at  15:14:50
   Duration  538ms (transform 384ms, setup 0ms, import 887ms, tests 312ms, environment 1ms)

ℹ tsdown v0.22.9 powered by rolldown v1.2.0
ℹ config file: C:\Users\petrp\Documents\GitHub\hookorama\.worktrees\packages-stack\tsdown.config.ts 
ℹ config file: C:\Users\petrp\Documents\GitHub\hookorama\.worktrees\packages-stack\packages\cli\tsdown.config.ts 
ℹ config file: C:\Users\petrp\Documents\GitHub\hookorama\.worktrees\packages-stack\packages\client\tsdown.config.ts 
ℹ config file: C:\Users\petrp\Documents\GitHub\hookorama\.worktrees\packages-stack\packages\supervisor\tsdown.config.ts 
ℹ config file: C:\Users\petrp\Documents\GitHub\hookorama\.worktrees\packages-stack\packages\web-app\tsdown.config.ts 
ℹ config file: C:\Users\petrp\Documents\GitHub\hookorama\.worktrees\packages-stack\packages\extension\tsdown.config.ts 
ℹ [@hookorama/client] entry: src/index.ts
ℹ [@hookorama/client] target: node24
ℹ [@hookorama/client] tsconfig: tsconfig.json
ℹ [@hookorama/supervisor] entry: src/index.ts
ℹ [@hookorama/supervisor] target: node24
ℹ [@hookorama/supervisor] tsconfig: tsconfig.json
ℹ [hookorama] entry: src/index.ts
ℹ [hookorama] target: node24
ℹ [hookorama] tsconfig: tsconfig.json
ℹ [@hookorama/web-app] entry: src/index.ts
ℹ [@hookorama/web-app] target: node24
ℹ [@hookorama/web-app] tsconfig: tsconfig.json
ℹ [@hookorama/extension] entry: src/extension.ts
ℹ [@hookorama/extension] target: node24
ℹ [@hookorama/extension] tsconfig: tsconfig.json
ℹ Build start
ℹ Cleaning 30 files
ℹ Emit types with typescript@7.0.2
ℹ [@hookorama/extension] dist\extension.cjs      0.64 kB │ gzip: 0.42 kB
ℹ [@hookorama/extension] dist\extension.cjs.map  0.66 kB │ gzip: 0.41 kB
ℹ [@hookorama/extension] 2 files, total: 1.29 kB
ℹ [hookorama] dist\index.mjs        0.29 kB │ gzip: 0.24 kB
ℹ [hookorama] dist\index.mjs.map    0.36 kB │ gzip: 0.28 kB
ℹ [hookorama] dist\index.d.mts.map  0.10 kB │ gzip: 0.11 kB
ℹ [hookorama] dist\index.d.mts      0.30 kB │ gzip: 0.24 kB
ℹ [hookorama] 4 files, total: 1.05 kB
✔ [hookorama] Build complete in 375ms
ℹ [@hookorama/extension] dist\extension.d.cts.map  0.11 kB │ gzip: 0.11 kB
ℹ [@hookorama/extension] dist\extension.d.cts      0.57 kB │ gzip: 0.37 kB
ℹ [@hookorama/extension] 2 files, total: 0.69 kB
✔ [@hookorama/extension] Build complete in 624ms
ℹ [@hookorama/web-app] dist\index.mjs        0.32 kB │ gzip: 0.26 kB
ℹ [@hookorama/web-app] dist\index.mjs.map    0.41 kB │ gzip: 0.30 kB
ℹ [@hookorama/web-app] dist\index.d.mts.map  0.10 kB │ gzip: 0.11 kB
ℹ [@hookorama/web-app] dist\index.d.mts      0.34 kB │ gzip: 0.27 kB
ℹ [@hookorama/web-app] 4 files, total: 1.17 kB
✔ [@hookorama/web-app] Build complete in 631ms
ℹ [@hookorama/client] dist\index.mjs        2.50 kB │ gzip: 0.89 kB
ℹ [@hookorama/client] dist\index.mjs.map    6.41 kB │ gzip: 2.04 kB
ℹ [@hookorama/client] dist\index.d.mts.map  0.84 kB │ gzip: 0.38 kB
ℹ [@hookorama/client] dist\index.d.mts      4.68 kB │ gzip: 1.50 kB
ℹ [@hookorama/client] 4 files, total: 14.44 kB
✔ [@hookorama/client] Build complete in 667ms
ℹ [@hookorama/supervisor] dist\index.mjs        32.70 kB │ gzip:  9.99 kB
ℹ [@hookorama/supervisor] dist\index.mjs.map    68.17 kB │ gzip: 18.05 kB
ℹ [@hookorama/supervisor] dist\index.d.mts.map   1.19 kB │ gzip:  0.58 kB
ℹ [@hookorama/supervisor] dist\index.d.mts       8.74 kB │ gzip:  3.28 kB
ℹ [@hookorama/supervisor] 4 files, total: 110.80 kB
✔ [@hookorama/supervisor] Build complete in 690ms
